<?xml version="1.0" encoding="UTF-8"?>
<!-- Generated by org.testng.reporters.JUnitReportReporter -->
<testsuite hostname="Muktadirs-MacBook-Pro.local" failures="0" tests="1" name="hbo.qa.test.auto.HboTest" time="128.579" errors="0" timestamp="2022-05-12T19:25:23 EDT" skipped="0">
  <testcase classname="hbo.qa.test.auto.HboTest" name="hboTest" time="128.579"/>
  <system-out>
    <![CDATA[Element is clicking : Proxy element for: DefaultElementLocator 'By.xpath: (//a[text()='Sign Up Now'])[1]'
Element is clicking : Proxy element for: DefaultElementLocator 'By.id: exp-2688-avod-mo'
Element is clicking : [[ChromeDriver: chrome on MAC (be48d75feb9bdeb0077d0751f41133e6)] -> xpath: (//div[@class='input empty ce__Input__inputWrapper'])[1]]
Muktadir : value passed to the element : [[ChromeDriver: chrome on MAC (be48d75feb9bdeb0077d0751f41133e6)] -> xpath: //input[@id='firstName']]
Hussen : value passed to the element : [[ChromeDriver: chrome on MAC (be48d75feb9bdeb0077d0751f41133e6)] -> xpath: //input[@id='lastName']]
mhussen10@yahoo.com : value passed to the element : [[ChromeDriver: chrome on MAC (be48d75feb9bdeb0077d0751f41133e6)] -> xpath: //input[@id='email']]]]>
  </system-out>
</testsuite> <!-- hbo.qa.test.auto.HboTest -->
