<?xml version="1.0" encoding="UTF-8"?>
<!-- Generated by org.testng.reporters.JUnitReportReporter -->
<testsuite hostname="Muktadirs-MacBook-Pro.local" failures="0" tests="1" name="hbo.qa.test.auto.SignUpTest" time="27.546" errors="0" timestamp="2022-05-12T01:15:28 EDT" skipped="0">
  <testcase classname="hbo.qa.test.auto.SignUpTest" name="signUpTest" time="27.546"/>
  <system-out>
    <![CDATA[Element is clicking : Proxy element for: DefaultElementLocator 'By.xpath: (//a[text()='Sign Up Now'])[1]'
Element is clicking : Proxy element for: DefaultElementLocator 'By.id: exp-2688-avod-mo']]>
  </system-out>
</testsuite> <!-- hbo.qa.test.auto.SignUpTest -->
